2022-02-20 10:35:02,830:INFO:PyCaret Supervised Module
2022-02-20 10:35:02,830:INFO:ML Usecase: classification
2022-02-20 10:35:02,830:INFO:version 2.2.3
2022-02-20 10:35:02,830:INFO:Initializing setup()
2022-02-20 10:35:02,830:INFO:setup(target=Class variable, ml_usecase=classification, available_plots={'parameter': 'Hyperparameters', 'auc': 'AUC', 'confusion_matrix': 'Confusion Matrix', 'threshold': 'Threshold', 'pr': 'Precision Recall', 'error': 'Prediction Error', 'class_report': 'Class Report', 'rfe': 'Feature Selection', 'learning': 'Learning Curve', 'manifold': 'Manifold Learning', 'calibration': 'Calibration Curve', 'vc': 'Validation Curve', 'dimension': 'Dimensions', 'feature': 'Feature Importance', 'feature_all': 'Feature Importance (All)', 'boundary': 'Decision Boundary', 'lift': 'Lift Chart', 'gain': 'Gain Chart', 'tree': 'Decision Tree'}, train_size=0.7, test_data=None, preprocess=True, imputation_type=simple, iterative_imputation_iters=5, categorical_features=None, categorical_imputation=constant, categorical_iterative_imputer=lightgbm, ordinal_features=None, high_cardinality_features=None, high_cardinality_method=frequency, numeric_features=None, numeric_imputation=mean, numeric_iterative_imputer=lightgbm, date_features=None, ignore_features=None, normalize=False, normalize_method=zscore, transformation=False, transformation_method=yeo-johnson, handle_unknown_categorical=True, unknown_categorical_method=least_frequent, pca=False, pca_method=linear, pca_components=None, ignore_low_variance=False, combine_rare_levels=False, rare_level_threshold=0.1, bin_numeric_features=None, remove_outliers=False, outliers_threshold=0.05, remove_multicollinearity=False, multicollinearity_threshold=0.9, remove_perfect_collinearity=True, create_clusters=False, cluster_iter=20, polynomial_features=False, polynomial_degree=2, trigonometry_features=False, polynomial_threshold=0.1, group_features=None, group_names=None, feature_selection=False, feature_selection_threshold=0.8, feature_selection_method=classic, feature_interaction=False, feature_ratio=False, interaction_threshold=0.01, fix_imbalance=False, fix_imbalance_method=None, transform_target=False, transform_target_method=box-cox, data_split_shuffle=True, data_split_stratify=False, fold_strategy=stratifiedkfold, fold=10, fold_shuffle=False, fold_groups=None, n_jobs=-1, use_gpu=False, custom_pipeline=None, html=True, session_id=None, log_experiment=False, experiment_name=None, log_plots=False, log_profile=False, log_data=False, silent=True, verbose=True, profile=False, profile_kwargs=None, display=None)
2022-02-20 10:35:02,830:INFO:Checking environment
2022-02-20 10:35:02,830:INFO:python_version: 3.8.8
2022-02-20 10:35:02,830:INFO:python_build: ('default', 'Apr 13 2021 15:08:03')
2022-02-20 10:35:02,830:INFO:machine: AMD64
2022-02-20 10:35:02,830:INFO:platform: Windows-10-10.0.19041-SP0
2022-02-20 10:35:02,830:INFO:Memory: svmem(total=16935567360, available=6136287232, percent=63.8, used=10799280128, free=6136287232)
2022-02-20 10:35:02,830:INFO:Physical Core: 6
2022-02-20 10:35:02,830:INFO:Logical Core: 12
2022-02-20 10:35:02,830:INFO:Checking libraries
2022-02-20 10:35:02,830:INFO:pd==1.2.4
2022-02-20 10:35:02,830:INFO:numpy==1.21.1
2022-02-20 10:35:02,830:INFO:sklearn==0.24.1
2022-02-20 10:35:04,385:INFO:xgboost==1.5.1
2022-02-20 10:35:04,385:INFO:lightgbm==3.3.2
2022-02-20 10:35:08,332:INFO:catboost==1.0.4
2022-02-20 10:35:09,014:INFO:mlflow==1.23.1
2022-02-20 10:35:09,014:INFO:Checking Exceptions
2022-02-20 10:36:29,490:INFO:PyCaret Supervised Module
2022-02-20 10:36:29,490:INFO:ML Usecase: classification
2022-02-20 10:36:29,490:INFO:version 2.2.3
2022-02-20 10:36:29,490:INFO:Initializing setup()
2022-02-20 10:36:29,490:INFO:setup(target=Class variable, ml_usecase=classification, available_plots={'parameter': 'Hyperparameters', 'auc': 'AUC', 'confusion_matrix': 'Confusion Matrix', 'threshold': 'Threshold', 'pr': 'Precision Recall', 'error': 'Prediction Error', 'class_report': 'Class Report', 'rfe': 'Feature Selection', 'learning': 'Learning Curve', 'manifold': 'Manifold Learning', 'calibration': 'Calibration Curve', 'vc': 'Validation Curve', 'dimension': 'Dimensions', 'feature': 'Feature Importance', 'feature_all': 'Feature Importance (All)', 'boundary': 'Decision Boundary', 'lift': 'Lift Chart', 'gain': 'Gain Chart', 'tree': 'Decision Tree'}, train_size=0.7, test_data=None, preprocess=True, imputation_type=simple, iterative_imputation_iters=5, categorical_features=None, categorical_imputation=constant, categorical_iterative_imputer=lightgbm, ordinal_features=None, high_cardinality_features=None, high_cardinality_method=frequency, numeric_features=None, numeric_imputation=mean, numeric_iterative_imputer=lightgbm, date_features=None, ignore_features=None, normalize=False, normalize_method=zscore, transformation=False, transformation_method=yeo-johnson, handle_unknown_categorical=True, unknown_categorical_method=least_frequent, pca=False, pca_method=linear, pca_components=None, ignore_low_variance=False, combine_rare_levels=False, rare_level_threshold=0.1, bin_numeric_features=None, remove_outliers=False, outliers_threshold=0.05, remove_multicollinearity=False, multicollinearity_threshold=0.9, remove_perfect_collinearity=True, create_clusters=False, cluster_iter=20, polynomial_features=False, polynomial_degree=2, trigonometry_features=False, polynomial_threshold=0.1, group_features=None, group_names=None, feature_selection=False, feature_selection_threshold=0.8, feature_selection_method=classic, feature_interaction=False, feature_ratio=False, interaction_threshold=0.01, fix_imbalance=False, fix_imbalance_method=None, transform_target=False, transform_target_method=box-cox, data_split_shuffle=True, data_split_stratify=False, fold_strategy=stratifiedkfold, fold=10, fold_shuffle=False, fold_groups=None, n_jobs=-1, use_gpu=False, custom_pipeline=None, html=True, session_id=None, log_experiment=False, experiment_name=None, log_plots=False, log_profile=False, log_data=False, silent=True, verbose=True, profile=False, profile_kwargs=None, display=None)
2022-02-20 10:36:29,490:INFO:Checking environment
2022-02-20 10:36:29,490:INFO:python_version: 3.8.8
2022-02-20 10:36:29,490:INFO:python_build: ('default', 'Apr 13 2021 15:08:03')
2022-02-20 10:36:29,490:INFO:machine: AMD64
2022-02-20 10:36:29,490:INFO:platform: Windows-10-10.0.19041-SP0
2022-02-20 10:36:29,490:INFO:Memory: svmem(total=16935567360, available=5427748864, percent=68.0, used=11507818496, free=5427748864)
2022-02-20 10:36:29,490:INFO:Physical Core: 6
2022-02-20 10:36:29,490:INFO:Logical Core: 12
2022-02-20 10:36:29,490:INFO:Checking libraries
2022-02-20 10:36:29,490:INFO:pd==1.2.4
2022-02-20 10:36:29,490:INFO:numpy==1.21.1
2022-02-20 10:36:29,490:INFO:sklearn==0.24.1
2022-02-20 10:36:29,490:INFO:xgboost==1.5.1
2022-02-20 10:36:29,490:INFO:lightgbm==3.3.2
2022-02-20 10:36:29,490:INFO:catboost==1.0.4
2022-02-20 10:36:29,490:INFO:mlflow==1.23.1
2022-02-20 10:36:29,490:INFO:Checking Exceptions
2022-02-20 10:36:41,751:INFO:PyCaret Supervised Module
2022-02-20 10:36:41,751:INFO:ML Usecase: classification
2022-02-20 10:36:41,751:INFO:version 2.2.3
2022-02-20 10:36:41,751:INFO:Initializing setup()
2022-02-20 10:36:41,751:INFO:setup(target=target, ml_usecase=classification, available_plots={'parameter': 'Hyperparameters', 'auc': 'AUC', 'confusion_matrix': 'Confusion Matrix', 'threshold': 'Threshold', 'pr': 'Precision Recall', 'error': 'Prediction Error', 'class_report': 'Class Report', 'rfe': 'Feature Selection', 'learning': 'Learning Curve', 'manifold': 'Manifold Learning', 'calibration': 'Calibration Curve', 'vc': 'Validation Curve', 'dimension': 'Dimensions', 'feature': 'Feature Importance', 'feature_all': 'Feature Importance (All)', 'boundary': 'Decision Boundary', 'lift': 'Lift Chart', 'gain': 'Gain Chart', 'tree': 'Decision Tree'}, train_size=0.7, test_data=None, preprocess=True, imputation_type=simple, iterative_imputation_iters=5, categorical_features=None, categorical_imputation=constant, categorical_iterative_imputer=lightgbm, ordinal_features=None, high_cardinality_features=None, high_cardinality_method=frequency, numeric_features=None, numeric_imputation=mean, numeric_iterative_imputer=lightgbm, date_features=None, ignore_features=None, normalize=False, normalize_method=zscore, transformation=False, transformation_method=yeo-johnson, handle_unknown_categorical=True, unknown_categorical_method=least_frequent, pca=False, pca_method=linear, pca_components=None, ignore_low_variance=False, combine_rare_levels=False, rare_level_threshold=0.1, bin_numeric_features=None, remove_outliers=False, outliers_threshold=0.05, remove_multicollinearity=False, multicollinearity_threshold=0.9, remove_perfect_collinearity=True, create_clusters=False, cluster_iter=20, polynomial_features=False, polynomial_degree=2, trigonometry_features=False, polynomial_threshold=0.1, group_features=None, group_names=None, feature_selection=False, feature_selection_threshold=0.8, feature_selection_method=classic, feature_interaction=False, feature_ratio=False, interaction_threshold=0.01, fix_imbalance=False, fix_imbalance_method=None, transform_target=False, transform_target_method=box-cox, data_split_shuffle=True, data_split_stratify=False, fold_strategy=stratifiedkfold, fold=10, fold_shuffle=False, fold_groups=None, n_jobs=-1, use_gpu=False, custom_pipeline=None, html=True, session_id=None, log_experiment=False, experiment_name=None, log_plots=False, log_profile=False, log_data=False, silent=True, verbose=True, profile=False, profile_kwargs=None, display=None)
2022-02-20 10:36:41,751:INFO:Checking environment
2022-02-20 10:36:41,751:INFO:python_version: 3.8.8
2022-02-20 10:36:41,751:INFO:python_build: ('default', 'Apr 13 2021 15:08:03')
2022-02-20 10:36:41,751:INFO:machine: AMD64
2022-02-20 10:36:41,751:INFO:platform: Windows-10-10.0.19041-SP0
2022-02-20 10:36:41,751:INFO:Memory: svmem(total=16935567360, available=5434802176, percent=67.9, used=11500765184, free=5434802176)
2022-02-20 10:36:41,751:INFO:Physical Core: 6
2022-02-20 10:36:41,751:INFO:Logical Core: 12
2022-02-20 10:36:41,751:INFO:Checking libraries
2022-02-20 10:36:41,751:INFO:pd==1.2.4
2022-02-20 10:36:41,751:INFO:numpy==1.21.1
2022-02-20 10:36:41,751:INFO:sklearn==0.24.1
2022-02-20 10:36:41,751:INFO:xgboost==1.5.1
2022-02-20 10:36:41,751:INFO:lightgbm==3.3.2
2022-02-20 10:36:41,751:INFO:catboost==1.0.4
2022-02-20 10:36:41,751:INFO:mlflow==1.23.1
2022-02-20 10:36:41,751:INFO:Checking Exceptions
2022-02-20 10:36:41,751:INFO:Declaring global variables
2022-02-20 10:36:41,751:INFO:USI: 76e5
2022-02-20 10:36:41,751:INFO:pycaret_globals: {'fix_imbalance_param', '_ml_usecase', 'y_test', 'fold_generator', 'data_before_preprocess', 'transform_target_method_param', 'prep_pipe', 'exp_name_log', '_all_models_internal', 'iterative_imputation_iters_param', 'logging_param', '_all_models', '_internal_pipeline', 'fix_imbalance_method_param', 'html_param', 'imputation_regressor', '_gpu_n_jobs_param', 'fold_shuffle_param', 'imputation_classifier', 'experiment__', 'fold_groups_param', 'pycaret_globals', 'y_train', 'X_train', 'master_model_container', 'X', 'USI', 'transform_target_param', 'log_plots_param', 'stratify_param', 'display_container', '_all_metrics', 'n_jobs_param', 'create_model_container', 'seed', '_available_plots', 'fold_param', 'y', 'X_test', 'target_param', 'gpu_param'}
2022-02-20 10:36:41,751:INFO:Preparing display monitor
2022-02-20 10:36:41,751:INFO:Preparing display monitor
2022-02-20 10:36:41,767:INFO:Importing libraries
2022-02-20 10:36:41,767:INFO:Copying data for preprocessing
2022-02-20 10:36:41,767:INFO:Declaring preprocessing parameters
2022-02-20 10:36:41,767:INFO:Creating preprocessing pipeline
2022-02-20 10:36:41,798:INFO:Preprocessing pipeline created successfully
2022-02-20 10:36:41,798:ERROR:(Process Exit): setup has been interupted with user command 'quit'. setup must rerun.
2022-02-20 10:36:41,798:INFO:Creating global containers
2022-02-20 10:37:53,702:INFO:PyCaret Supervised Module
2022-02-20 10:37:53,702:INFO:ML Usecase: classification
2022-02-20 10:37:53,702:INFO:version 2.2.3
2022-02-20 10:37:53,702:INFO:Initializing setup()
2022-02-20 10:37:53,702:INFO:setup(target=target, ml_usecase=classification, available_plots={'parameter': 'Hyperparameters', 'auc': 'AUC', 'confusion_matrix': 'Confusion Matrix', 'threshold': 'Threshold', 'pr': 'Precision Recall', 'error': 'Prediction Error', 'class_report': 'Class Report', 'rfe': 'Feature Selection', 'learning': 'Learning Curve', 'manifold': 'Manifold Learning', 'calibration': 'Calibration Curve', 'vc': 'Validation Curve', 'dimension': 'Dimensions', 'feature': 'Feature Importance', 'feature_all': 'Feature Importance (All)', 'boundary': 'Decision Boundary', 'lift': 'Lift Chart', 'gain': 'Gain Chart', 'tree': 'Decision Tree'}, train_size=0.7, test_data=None, preprocess=True, imputation_type=simple, iterative_imputation_iters=5, categorical_features=None, categorical_imputation=constant, categorical_iterative_imputer=lightgbm, ordinal_features=None, high_cardinality_features=None, high_cardinality_method=frequency, numeric_features=None, numeric_imputation=mean, numeric_iterative_imputer=lightgbm, date_features=None, ignore_features=None, normalize=False, normalize_method=zscore, transformation=False, transformation_method=yeo-johnson, handle_unknown_categorical=True, unknown_categorical_method=least_frequent, pca=False, pca_method=linear, pca_components=None, ignore_low_variance=False, combine_rare_levels=False, rare_level_threshold=0.1, bin_numeric_features=None, remove_outliers=False, outliers_threshold=0.05, remove_multicollinearity=False, multicollinearity_threshold=0.9, remove_perfect_collinearity=True, create_clusters=False, cluster_iter=20, polynomial_features=False, polynomial_degree=2, trigonometry_features=False, polynomial_threshold=0.1, group_features=None, group_names=None, feature_selection=False, feature_selection_threshold=0.8, feature_selection_method=classic, feature_interaction=False, feature_ratio=False, interaction_threshold=0.01, fix_imbalance=False, fix_imbalance_method=None, transform_target=False, transform_target_method=box-cox, data_split_shuffle=True, data_split_stratify=False, fold_strategy=stratifiedkfold, fold=10, fold_shuffle=False, fold_groups=None, n_jobs=-1, use_gpu=False, custom_pipeline=None, html=True, session_id=None, log_experiment=False, experiment_name=None, log_plots=False, log_profile=False, log_data=False, silent=True, verbose=True, profile=False, profile_kwargs=None, display=None)
2022-02-20 10:37:53,702:INFO:Checking environment
2022-02-20 10:37:53,702:INFO:python_version: 3.8.8
2022-02-20 10:37:53,702:INFO:python_build: ('default', 'Apr 13 2021 15:08:03')
2022-02-20 10:37:53,702:INFO:machine: AMD64
2022-02-20 10:37:53,702:INFO:platform: Windows-10-10.0.19041-SP0
2022-02-20 10:37:53,702:INFO:Memory: svmem(total=16935567360, available=5842481152, percent=65.5, used=11093086208, free=5842481152)
2022-02-20 10:37:53,702:INFO:Physical Core: 6
2022-02-20 10:37:53,702:INFO:Logical Core: 12
2022-02-20 10:37:53,702:INFO:Checking libraries
2022-02-20 10:37:53,702:INFO:pd==1.2.4
2022-02-20 10:37:53,702:INFO:numpy==1.21.1
2022-02-20 10:37:53,702:INFO:sklearn==0.24.1
2022-02-20 10:37:53,702:INFO:xgboost==1.5.1
2022-02-20 10:37:53,702:INFO:lightgbm==3.3.2
2022-02-20 10:37:53,702:INFO:catboost==1.0.4
2022-02-20 10:37:53,702:INFO:mlflow==1.23.1
2022-02-20 10:37:53,702:INFO:Checking Exceptions
2022-02-20 10:37:53,702:INFO:Declaring global variables
2022-02-20 10:37:53,702:INFO:USI: 8268
2022-02-20 10:37:53,702:INFO:pycaret_globals: {'fix_imbalance_param', '_ml_usecase', 'y_test', 'fold_generator', 'data_before_preprocess', 'transform_target_method_param', 'prep_pipe', 'exp_name_log', '_all_models_internal', 'iterative_imputation_iters_param', 'logging_param', '_all_models', '_internal_pipeline', 'fix_imbalance_method_param', 'html_param', 'imputation_regressor', '_gpu_n_jobs_param', 'fold_shuffle_param', 'imputation_classifier', 'experiment__', 'fold_groups_param', 'pycaret_globals', 'y_train', 'X_train', 'master_model_container', 'X', 'USI', 'transform_target_param', 'log_plots_param', 'stratify_param', 'display_container', '_all_metrics', 'n_jobs_param', 'create_model_container', 'seed', '_available_plots', 'fold_param', 'y', 'X_test', 'target_param', 'gpu_param'}
2022-02-20 10:37:53,702:INFO:Preparing display monitor
2022-02-20 10:37:53,702:INFO:Preparing display monitor
2022-02-20 10:37:53,718:INFO:Importing libraries
2022-02-20 10:37:53,718:INFO:Copying data for preprocessing
2022-02-20 10:37:53,734:INFO:Declaring preprocessing parameters
2022-02-20 10:37:53,734:INFO:Creating preprocessing pipeline
2022-02-20 10:37:53,765:INFO:Preprocessing pipeline created successfully
2022-02-20 10:37:53,765:ERROR:(Process Exit): setup has been interupted with user command 'quit'. setup must rerun.
2022-02-20 10:37:53,765:INFO:Creating global containers
2022-02-20 10:42:29,298:INFO:PyCaret Supervised Module
2022-02-20 10:42:29,298:INFO:ML Usecase: classification
2022-02-20 10:42:29,298:INFO:version 2.2.3
2022-02-20 10:42:29,298:INFO:Initializing setup()
2022-02-20 10:42:29,298:INFO:setup(target=target, ml_usecase=classification, available_plots={'parameter': 'Hyperparameters', 'auc': 'AUC', 'confusion_matrix': 'Confusion Matrix', 'threshold': 'Threshold', 'pr': 'Precision Recall', 'error': 'Prediction Error', 'class_report': 'Class Report', 'rfe': 'Feature Selection', 'learning': 'Learning Curve', 'manifold': 'Manifold Learning', 'calibration': 'Calibration Curve', 'vc': 'Validation Curve', 'dimension': 'Dimensions', 'feature': 'Feature Importance', 'feature_all': 'Feature Importance (All)', 'boundary': 'Decision Boundary', 'lift': 'Lift Chart', 'gain': 'Gain Chart', 'tree': 'Decision Tree'}, train_size=0.7, test_data=None, preprocess=True, imputation_type=simple, iterative_imputation_iters=5, categorical_features=None, categorical_imputation=constant, categorical_iterative_imputer=lightgbm, ordinal_features=None, high_cardinality_features=None, high_cardinality_method=frequency, numeric_features=None, numeric_imputation=mean, numeric_iterative_imputer=lightgbm, date_features=None, ignore_features=None, normalize=False, normalize_method=zscore, transformation=False, transformation_method=yeo-johnson, handle_unknown_categorical=True, unknown_categorical_method=least_frequent, pca=False, pca_method=linear, pca_components=None, ignore_low_variance=False, combine_rare_levels=False, rare_level_threshold=0.1, bin_numeric_features=None, remove_outliers=False, outliers_threshold=0.05, remove_multicollinearity=False, multicollinearity_threshold=0.9, remove_perfect_collinearity=True, create_clusters=False, cluster_iter=20, polynomial_features=False, polynomial_degree=2, trigonometry_features=False, polynomial_threshold=0.1, group_features=None, group_names=None, feature_selection=False, feature_selection_threshold=0.8, feature_selection_method=classic, feature_interaction=False, feature_ratio=False, interaction_threshold=0.01, fix_imbalance=False, fix_imbalance_method=None, transform_target=False, transform_target_method=box-cox, data_split_shuffle=True, data_split_stratify=False, fold_strategy=stratifiedkfold, fold=10, fold_shuffle=False, fold_groups=None, n_jobs=-1, use_gpu=False, custom_pipeline=None, html=True, session_id=None, log_experiment=False, experiment_name=None, log_plots=False, log_profile=False, log_data=False, silent=True, verbose=True, profile=False, profile_kwargs=None, display=None)
2022-02-20 10:42:29,298:INFO:Checking environment
2022-02-20 10:42:29,298:INFO:python_version: 3.8.8
2022-02-20 10:42:29,298:INFO:python_build: ('default', 'Apr 13 2021 15:08:03')
2022-02-20 10:42:29,298:INFO:machine: AMD64
2022-02-20 10:42:29,298:INFO:platform: Windows-10-10.0.19041-SP0
2022-02-20 10:42:29,298:INFO:Memory: svmem(total=16935567360, available=6165041152, percent=63.6, used=10770526208, free=6165041152)
2022-02-20 10:42:29,298:INFO:Physical Core: 6
2022-02-20 10:42:29,298:INFO:Logical Core: 12
2022-02-20 10:42:29,298:INFO:Checking libraries
2022-02-20 10:42:29,298:INFO:pd==1.2.4
2022-02-20 10:42:29,298:INFO:numpy==1.21.1
2022-02-20 10:42:29,298:INFO:sklearn==0.24.1
2022-02-20 10:42:29,298:INFO:xgboost==1.5.1
2022-02-20 10:42:29,298:INFO:lightgbm==3.3.2
2022-02-20 10:42:29,298:INFO:catboost==1.0.4
2022-02-20 10:42:29,298:INFO:mlflow==1.23.1
2022-02-20 10:42:29,298:INFO:Checking Exceptions
2022-02-20 10:42:29,298:INFO:Declaring global variables
2022-02-20 10:42:29,298:INFO:USI: cd2f
2022-02-20 10:42:29,298:INFO:pycaret_globals: {'fix_imbalance_param', '_ml_usecase', 'y_test', 'fold_generator', 'data_before_preprocess', 'transform_target_method_param', 'prep_pipe', 'exp_name_log', '_all_models_internal', 'iterative_imputation_iters_param', 'logging_param', '_all_models', '_internal_pipeline', 'fix_imbalance_method_param', 'html_param', 'imputation_regressor', '_gpu_n_jobs_param', 'fold_shuffle_param', 'imputation_classifier', 'experiment__', 'fold_groups_param', 'pycaret_globals', 'y_train', 'X_train', 'master_model_container', 'X', 'USI', 'transform_target_param', 'log_plots_param', 'stratify_param', 'display_container', '_all_metrics', 'n_jobs_param', 'create_model_container', 'seed', '_available_plots', 'fold_param', 'y', 'X_test', 'target_param', 'gpu_param'}
2022-02-20 10:42:29,298:INFO:Preparing display monitor
2022-02-20 10:42:29,298:INFO:Preparing display monitor
2022-02-20 10:42:29,313:INFO:Importing libraries
2022-02-20 10:42:29,313:INFO:Copying data for preprocessing
2022-02-20 10:42:29,313:INFO:Declaring preprocessing parameters
2022-02-20 10:42:29,329:INFO:Creating preprocessing pipeline
2022-02-20 10:42:29,345:INFO:Preprocessing pipeline created successfully
2022-02-20 10:42:29,345:ERROR:(Process Exit): setup has been interupted with user command 'quit'. setup must rerun.
2022-02-20 10:42:29,345:INFO:Creating global containers
2022-02-20 10:43:15,625:INFO:PyCaret Supervised Module
2022-02-20 10:43:15,625:INFO:ML Usecase: classification
2022-02-20 10:43:15,625:INFO:version 2.2.3
2022-02-20 10:43:15,625:INFO:Initializing setup()
2022-02-20 10:43:15,625:INFO:setup(target=target, ml_usecase=classification, available_plots={'parameter': 'Hyperparameters', 'auc': 'AUC', 'confusion_matrix': 'Confusion Matrix', 'threshold': 'Threshold', 'pr': 'Precision Recall', 'error': 'Prediction Error', 'class_report': 'Class Report', 'rfe': 'Feature Selection', 'learning': 'Learning Curve', 'manifold': 'Manifold Learning', 'calibration': 'Calibration Curve', 'vc': 'Validation Curve', 'dimension': 'Dimensions', 'feature': 'Feature Importance', 'feature_all': 'Feature Importance (All)', 'boundary': 'Decision Boundary', 'lift': 'Lift Chart', 'gain': 'Gain Chart', 'tree': 'Decision Tree'}, train_size=0.7, test_data=None, preprocess=True, imputation_type=simple, iterative_imputation_iters=5, categorical_features=None, categorical_imputation=constant, categorical_iterative_imputer=lightgbm, ordinal_features=None, high_cardinality_features=None, high_cardinality_method=frequency, numeric_features=None, numeric_imputation=mean, numeric_iterative_imputer=lightgbm, date_features=None, ignore_features=None, normalize=False, normalize_method=zscore, transformation=False, transformation_method=yeo-johnson, handle_unknown_categorical=True, unknown_categorical_method=least_frequent, pca=False, pca_method=linear, pca_components=None, ignore_low_variance=False, combine_rare_levels=False, rare_level_threshold=0.1, bin_numeric_features=None, remove_outliers=False, outliers_threshold=0.05, remove_multicollinearity=False, multicollinearity_threshold=0.9, remove_perfect_collinearity=True, create_clusters=False, cluster_iter=20, polynomial_features=False, polynomial_degree=2, trigonometry_features=False, polynomial_threshold=0.1, group_features=None, group_names=None, feature_selection=False, feature_selection_threshold=0.8, feature_selection_method=classic, feature_interaction=False, feature_ratio=False, interaction_threshold=0.01, fix_imbalance=False, fix_imbalance_method=None, transform_target=False, transform_target_method=box-cox, data_split_shuffle=True, data_split_stratify=False, fold_strategy=stratifiedkfold, fold=10, fold_shuffle=True, fold_groups=None, n_jobs=-1, use_gpu=False, custom_pipeline=None, html=True, session_id=None, log_experiment=False, experiment_name=None, log_plots=False, log_profile=False, log_data=False, silent=True, verbose=True, profile=False, profile_kwargs=None, display=None)
2022-02-20 10:43:15,625:INFO:Checking environment
2022-02-20 10:43:15,625:INFO:python_version: 3.8.8
2022-02-20 10:43:15,625:INFO:python_build: ('default', 'Apr 13 2021 15:08:03')
2022-02-20 10:43:15,625:INFO:machine: AMD64
2022-02-20 10:43:15,625:INFO:platform: Windows-10-10.0.19041-SP0
2022-02-20 10:43:15,625:INFO:Memory: svmem(total=16935567360, available=6309355520, percent=62.7, used=10626211840, free=6309355520)
2022-02-20 10:43:15,625:INFO:Physical Core: 6
2022-02-20 10:43:15,625:INFO:Logical Core: 12
2022-02-20 10:43:15,625:INFO:Checking libraries
2022-02-20 10:43:15,625:INFO:pd==1.2.4
2022-02-20 10:43:15,625:INFO:numpy==1.21.1
2022-02-20 10:43:15,625:INFO:sklearn==0.24.1
2022-02-20 10:43:15,625:INFO:xgboost==1.5.1
2022-02-20 10:43:15,625:INFO:lightgbm==3.3.2
2022-02-20 10:43:15,625:INFO:catboost==1.0.4
2022-02-20 10:43:15,625:INFO:mlflow==1.23.1
2022-02-20 10:43:15,625:INFO:Checking Exceptions
2022-02-20 10:43:15,625:INFO:Declaring global variables
2022-02-20 10:43:15,625:INFO:USI: cae4
2022-02-20 10:43:15,625:INFO:pycaret_globals: {'fix_imbalance_param', '_ml_usecase', 'y_test', 'fold_generator', 'data_before_preprocess', 'transform_target_method_param', 'prep_pipe', 'exp_name_log', '_all_models_internal', 'iterative_imputation_iters_param', 'logging_param', '_all_models', '_internal_pipeline', 'fix_imbalance_method_param', 'html_param', 'imputation_regressor', '_gpu_n_jobs_param', 'fold_shuffle_param', 'imputation_classifier', 'experiment__', 'fold_groups_param', 'pycaret_globals', 'y_train', 'X_train', 'master_model_container', 'X', 'USI', 'transform_target_param', 'log_plots_param', 'stratify_param', 'display_container', '_all_metrics', 'n_jobs_param', 'create_model_container', 'seed', '_available_plots', 'fold_param', 'y', 'X_test', 'target_param', 'gpu_param'}
2022-02-20 10:43:15,625:INFO:Preparing display monitor
2022-02-20 10:43:15,625:INFO:Preparing display monitor
2022-02-20 10:43:15,641:INFO:Importing libraries
2022-02-20 10:43:15,641:INFO:Copying data for preprocessing
2022-02-20 10:43:15,641:INFO:Declaring preprocessing parameters
2022-02-20 10:43:15,641:INFO:Creating preprocessing pipeline
2022-02-20 10:43:15,672:INFO:Preprocessing pipeline created successfully
2022-02-20 10:43:15,672:ERROR:(Process Exit): setup has been interupted with user command 'quit'. setup must rerun.
2022-02-20 10:43:15,672:INFO:Creating global containers
2022-02-20 10:43:15,672:INFO:Internal pipeline: Pipeline(memory=None, steps=[('empty_step', 'passthrough')], verbose=False)
2022-02-20 10:43:20,406:INFO:Creating grid variables
2022-02-20 10:43:20,426:INFO:create_model_container: 0
2022-02-20 10:43:20,426:INFO:master_model_container: 0
2022-02-20 10:43:20,426:INFO:display_container: 1
